[debug] [2021-04-25T12:48:47.717Z] ----------------------------------------------------------------------
[debug] [2021-04-25T12:48:47.719Z] Command:       /home/yongjay/.nvm/versions/node/v12.19.0/bin/node /home/yongjay/.nvm/versions/node/v12.19.0/bin/firebase emulators:start
[debug] [2021-04-25T12:48:47.719Z] CLI Version:   9.9.0
[debug] [2021-04-25T12:48:47.719Z] Platform:      linux
[debug] [2021-04-25T12:48:47.719Z] Node Version:  v12.19.0
[debug] [2021-04-25T12:48:47.719Z] Time:          Sun Apr 25 2021 21:48:47 GMT+0900 (Korean Standard Time)
[debug] [2021-04-25T12:48:47.719Z] ----------------------------------------------------------------------
[debug] 
[debug] [2021-04-25T12:48:47.724Z] > command requires scopes: ["email","openid","https://www.googleapis.com/auth/cloudplatformprojects.readonly","https://www.googleapis.com/auth/firebase","https://www.googleapis.com/auth/cloud-platform"]
[debug] [2021-04-25T12:48:47.724Z] > authorizing via signed-in user (mearak43@gmail.com)
[info] i  emulators: Starting emulators: functions, hosting {"metadata":{"emulator":{"name":"hub"},"message":"Starting emulators: functions, hosting"}}
[debug] [2021-04-25T12:48:47.739Z] [hub] writing locator at /tmp/hub-challenge-cc017.json
[warn] ⚠  functions: The following emulators are not running, calls to these services from the Functions emulator will affect production: auth, firestore, database, pubsub {"metadata":{"emulator":{"name":"functions"},"message":"The following emulators are not running, calls to these services from the Functions emulator will affect production: \u001b[1mauth, firestore, database, pubsub\u001b[22m"}}
[info] ✔  functions: Using node@12 from host. {"metadata":{"emulator":{"name":"functions"},"message":"Using node@12 from host."}}
[debug] [2021-04-25T12:48:47.762Z] defaultcredentials: writing to file /home/yongjay/.config/firebase/mearak43_gmail_com_application_default_credentials.json
[debug] [2021-04-25T12:48:47.764Z] Setting GAC to /home/yongjay/.config/firebase/mearak43_gmail_com_application_default_credentials.json {"metadata":{"emulator":{"name":"functions"},"message":"Setting GAC to /home/yongjay/.config/firebase/mearak43_gmail_com_application_default_credentials.json"}}
[debug] [2021-04-25T12:48:47.765Z] > refreshing access token with scopes: []
[debug] [2021-04-25T12:48:47.766Z] >>> HTTP REQUEST POST https://www.googleapis.com/oauth2/v3/token  
 <request body omitted>
[debug] [2021-04-25T12:48:48.014Z] <<< HTTP RESPONSE 200 {"cache-control":"no-cache, no-store, max-age=0, must-revalidate","date":"Sun, 25 Apr 2021 12:48:47 GMT","expires":"Mon, 01 Jan 1990 00:00:00 GMT","pragma":"no-cache","content-type":"application/json; charset=utf-8","vary":"X-Origin, Referer, Origin,Accept-Encoding","server":"scaffolding on HTTPServer2","x-xss-protection":"0","x-frame-options":"SAMEORIGIN","x-content-type-options":"nosniff","alt-svc":"h3-29=\":443\"; ma=2592000,h3-T051=\":443\"; ma=2592000,h3-Q050=\":443\"; ma=2592000,h3-Q046=\":443\"; ma=2592000,h3-Q043=\":443\"; ma=2592000,quic=\":443\"; ma=2592000; v=\"46,43\"","accept-ranges":"none","transfer-encoding":"chunked"}
[debug] [2021-04-25T12:48:48.026Z] >>> [apiv2][query] GET https://firebase.googleapis.com/v1beta1/projects/challenge-cc017/adminSdkConfig [none]
[debug] [2021-04-25T12:48:48.843Z] <<< [apiv2][status] GET https://firebase.googleapis.com/v1beta1/projects/challenge-cc017/adminSdkConfig 200
[debug] [2021-04-25T12:48:48.843Z] <<< [apiv2][body] GET https://firebase.googleapis.com/v1beta1/projects/challenge-cc017/adminSdkConfig {"projectId":"challenge-cc017","storageBucket":"challenge-cc017.appspot.com"}
[debug] [2021-04-25T12:48:48.848Z] >>> [apiv2][query] GET https://firebase.googleapis.com/v1beta1/projects/challenge-cc017/webApps/-/config [none]
[debug] [2021-04-25T12:48:50.376Z] <<< [apiv2][status] GET https://firebase.googleapis.com/v1beta1/projects/challenge-cc017/webApps/-/config 200
[debug] [2021-04-25T12:48:50.376Z] <<< [apiv2][body] GET https://firebase.googleapis.com/v1beta1/projects/challenge-cc017/webApps/-/config {"projectId":"challenge-cc017","appId":"1:852584789925:web:51c29467aa116ee2599a4c","storageBucket":"challenge-cc017.appspot.com","apiKey":"AIzaSyDof3yqvoaz9dRNwlYfhHHX56EVyprbWS0","authDomain":"challenge-cc017.firebaseapp.com","messagingSenderId":"852584789925","measurementId":"G-K56QBW31E7"}
[info] i  hosting: Serving hosting files from: build {"metadata":{"emulator":{"name":"hosting"},"message":"Serving hosting files from: \u001b[1mbuild\u001b[22m"}}
[info] ✔  hosting: Local server: http://localhost:5000 {"metadata":{"emulator":{"name":"hosting"},"message":"Local server: \u001b[4m\u001b[1mhttp://localhost:5000\u001b[22m\u001b[24m"}}
[debug] [2021-04-25T12:48:50.397Z] Ignoring unsupported arg: auto_download {"metadata":{"emulator":{"name":"ui"},"message":"Ignoring unsupported arg: auto_download"}}
[debug] [2021-04-25T12:48:50.397Z] Ignoring unsupported arg: port {"metadata":{"emulator":{"name":"ui"},"message":"Ignoring unsupported arg: port"}}
[debug] [2021-04-25T12:48:50.397Z] Starting Emulator UI with command {"binary":"node","args":["/home/yongjay/.cache/firebase/emulators/ui-v1.4.2/server.bundle.js"],"optionalArgs":[],"joinArgs":false} {"metadata":{"emulator":{"name":"ui"},"message":"Starting Emulator UI with command {\"binary\":\"node\",\"args\":[\"/home/yongjay/.cache/firebase/emulators/ui-v1.4.2/server.bundle.js\"],\"optionalArgs\":[],\"joinArgs\":false}"}}
[info] i  ui: Emulator UI logging to ui-debug.log {"metadata":{"emulator":{"name":"ui"},"message":"Emulator UI logging to \u001b[1mui-debug.log\u001b[22m"}}
[debug] [2021-04-25T12:48:50.461Z] Web / API server started at http://localhost:4000
 {"metadata":{"emulator":{"name":"ui"},"message":"Web / API server started at http://localhost:4000\n"}}
[info] i  functions: Watching "/home/yongjay/Documents/Web Development/Projects/amazon-clone/functions" for Cloud Functions... {"metadata":{"emulator":{"name":"functions"},"message":"Watching \"/home/yongjay/Documents/Web Development/Projects/amazon-clone/functions\" for Cloud Functions..."}}
[debug] [2021-04-25T12:48:50.675Z] [worker-pool] addWorker(~diagnostic~) {"metadata":{"emulator":{"name":"functions"},"message":"[worker-pool] addWorker(~diagnostic~)"}}
[debug] [2021-04-25T12:48:50.675Z] [worker-pool] Adding worker with key ~diagnostic~, total=1 {"metadata":{"emulator":{"name":"functions"},"message":"[worker-pool] Adding worker with key ~diagnostic~, total=1"}}
[debug] [2021-04-25T12:48:50.676Z] [worker-pool] submitWork(triggerId=) {"metadata":{"emulator":{"name":"functions"},"message":"[worker-pool] submitWork(triggerId=)"}}
[debug] [2021-04-25T12:48:50.676Z] [worker-~diagnostic~-84bb9fda-84f0-4c54-b750-acb0f6ad5067]: Assigning socketPath: /tmp/fire_emu_56309.sock {"metadata":{"emulator":{"name":"functions"},"message":"[worker-~diagnostic~-84bb9fda-84f0-4c54-b750-acb0f6ad5067]: Assigning socketPath: /tmp/fire_emu_56309.sock"}}
[debug] [2021-04-25T12:48:50.677Z] [worker-~diagnostic~-84bb9fda-84f0-4c54-b750-acb0f6ad5067]: BUSY {"metadata":{"emulator":{"name":"functions"},"message":"[worker-~diagnostic~-84bb9fda-84f0-4c54-b750-acb0f6ad5067]: BUSY"}}
[debug] [2021-04-25T12:48:50.791Z] [runtime-status] [56309] Functions runtime initialized. {"cwd":"/home/yongjay/Documents/Web Development/Projects/amazon-clone/functions","node_version":"12.19.0"} {"metadata":{"emulator":{"name":"functions"},"message":"[runtime-status] [56309] Functions runtime initialized. {\"cwd\":\"/home/yongjay/Documents/Web Development/Projects/amazon-clone/functions\",\"node_version\":\"12.19.0\"}"}}
[debug] [2021-04-25T12:48:50.792Z] [runtime-status] [56309] Disabled runtime features: undefined {"metadata":{"emulator":{"name":"functions"},"message":"[runtime-status] [56309] Disabled runtime features: undefined"}}
[debug] [2021-04-25T12:48:50.793Z] [runtime-status] [56309] Resolved module firebase-admin {"declared":true,"installed":true,"version":"9.6.0","resolution":"/home/yongjay/Documents/Web Development/Projects/amazon-clone/functions/node_modules/firebase-admin/lib/index.js"} {"metadata":{"emulator":{"name":"functions"},"message":"[runtime-status] [56309] Resolved module firebase-admin {\"declared\":true,\"installed\":true,\"version\":\"9.6.0\",\"resolution\":\"/home/yongjay/Documents/Web Development/Projects/amazon-clone/functions/node_modules/firebase-admin/lib/index.js\"}"}}
[debug] [2021-04-25T12:48:50.794Z] [runtime-status] [56309] Resolved module firebase-functions {"declared":true,"installed":true,"version":"3.13.2","resolution":"/home/yongjay/Documents/Web Development/Projects/amazon-clone/functions/node_modules/firebase-functions/lib/index.js"} {"metadata":{"emulator":{"name":"functions"},"message":"[runtime-status] [56309] Resolved module firebase-functions {\"declared\":true,\"installed\":true,\"version\":\"3.13.2\",\"resolution\":\"/home/yongjay/Documents/Web Development/Projects/amazon-clone/functions/node_modules/firebase-functions/lib/index.js\"}"}}
[debug] [2021-04-25T12:48:50.796Z] [runtime-status] [56309] Resolved module firebase-functions {"declared":true,"installed":true,"version":"3.13.2","resolution":"/home/yongjay/Documents/Web Development/Projects/amazon-clone/functions/node_modules/firebase-functions/lib/index.js"} {"metadata":{"emulator":{"name":"functions"},"message":"[runtime-status] [56309] Resolved module firebase-functions {\"declared\":true,\"installed\":true,\"version\":\"3.13.2\",\"resolution\":\"/home/yongjay/Documents/Web Development/Projects/amazon-clone/functions/node_modules/firebase-functions/lib/index.js\"}"}}
[debug] [2021-04-25T12:48:50.797Z] [runtime-status] [56309] Outgoing network have been stubbed. [{"name":"http","status":"mocked"},{"name":"http","status":"mocked"},{"name":"https","status":"mocked"},{"name":"https","status":"mocked"},{"name":"net","status":"mocked"}] {"metadata":{"emulator":{"name":"functions"},"message":"[runtime-status] [56309] Outgoing network have been stubbed. [{\"name\":\"http\",\"status\":\"mocked\"},{\"name\":\"http\",\"status\":\"mocked\"},{\"name\":\"https\",\"status\":\"mocked\"},{\"name\":\"https\",\"status\":\"mocked\"},{\"name\":\"net\",\"status\":\"mocked\"}]"}}
[debug] [2021-04-25T12:48:50.798Z] [runtime-status] [56309] Resolved module firebase-functions {"declared":true,"installed":true,"version":"3.13.2","resolution":"/home/yongjay/Documents/Web Development/Projects/amazon-clone/functions/node_modules/firebase-functions/lib/index.js"} {"metadata":{"emulator":{"name":"functions"},"message":"[runtime-status] [56309] Resolved module firebase-functions {\"declared\":true,\"installed\":true,\"version\":\"3.13.2\",\"resolution\":\"/home/yongjay/Documents/Web Development/Projects/amazon-clone/functions/node_modules/firebase-functions/lib/index.js\"}"}}
[debug] [2021-04-25T12:48:50.827Z] [runtime-status] [56309] Checked functions.config() {"config":{}} {"metadata":{"emulator":{"name":"functions"},"message":"[runtime-status] [56309] Checked functions.config() {\"config\":{}}"}}
[debug] [2021-04-25T12:48:50.827Z] [runtime-status] [56309] firebase-functions has been stubbed. {"functionsResolution":{"declared":true,"installed":true,"version":"3.13.2","resolution":"/home/yongjay/Documents/Web Development/Projects/amazon-clone/functions/node_modules/firebase-functions/lib/index.js"}} {"metadata":{"emulator":{"name":"functions"},"message":"[runtime-status] [56309] firebase-functions has been stubbed. {\"functionsResolution\":{\"declared\":true,\"installed\":true,\"version\":\"3.13.2\",\"resolution\":\"/home/yongjay/Documents/Web Development/Projects/amazon-clone/functions/node_modules/firebase-functions/lib/index.js\"}}"}}
[debug] [2021-04-25T12:48:50.827Z] [runtime-status] [56309] Resolved module firebase-functions {"declared":true,"installed":true,"version":"3.13.2","resolution":"/home/yongjay/Documents/Web Development/Projects/amazon-clone/functions/node_modules/firebase-functions/lib/index.js"} {"metadata":{"emulator":{"name":"functions"},"message":"[runtime-status] [56309] Resolved module firebase-functions {\"declared\":true,\"installed\":true,\"version\":\"3.13.2\",\"resolution\":\"/home/yongjay/Documents/Web Development/Projects/amazon-clone/functions/node_modules/firebase-functions/lib/index.js\"}"}}
[debug] [2021-04-25T12:48:50.828Z] [runtime-status] [56309] Resolved module firebase-admin {"declared":true,"installed":true,"version":"9.6.0","resolution":"/home/yongjay/Documents/Web Development/Projects/amazon-clone/functions/node_modules/firebase-admin/lib/index.js"} {"metadata":{"emulator":{"name":"functions"},"message":"[runtime-status] [56309] Resolved module firebase-admin {\"declared\":true,\"installed\":true,\"version\":\"9.6.0\",\"resolution\":\"/home/yongjay/Documents/Web Development/Projects/amazon-clone/functions/node_modules/firebase-admin/lib/index.js\"}"}}
[debug] [2021-04-25T12:48:50.828Z] [runtime-status] [56309] Resolved module firebase-functions {"declared":true,"installed":true,"version":"3.13.2","resolution":"/home/yongjay/Documents/Web Development/Projects/amazon-clone/functions/node_modules/firebase-functions/lib/index.js"} {"metadata":{"emulator":{"name":"functions"},"message":"[runtime-status] [56309] Resolved module firebase-functions {\"declared\":true,\"installed\":true,\"version\":\"3.13.2\",\"resolution\":\"/home/yongjay/Documents/Web Development/Projects/amazon-clone/functions/node_modules/firebase-functions/lib/index.js\"}"}}
[debug] [2021-04-25T12:48:50.828Z] [runtime-status] [56309] firebase-admin has been stubbed. {"adminResolution":{"declared":true,"installed":true,"version":"9.6.0","resolution":"/home/yongjay/Documents/Web Development/Projects/amazon-clone/functions/node_modules/firebase-admin/lib/index.js"}} {"metadata":{"emulator":{"name":"functions"},"message":"[runtime-status] [56309] firebase-admin has been stubbed. {\"adminResolution\":{\"declared\":true,\"installed\":true,\"version\":\"9.6.0\",\"resolution\":\"/home/yongjay/Documents/Web Development/Projects/amazon-clone/functions/node_modules/firebase-admin/lib/index.js\"}}"}}
[info] ✔  functions[api]: http function initialized (http://localhost:5001/challenge-cc017/us-central1/api). {"metadata":{"emulator":{"name":"functions"},"message":"\u001b[1mhttp\u001b[22m function initialized (http://localhost:5001/challenge-cc017/us-central1/api)."}}
[info] 
┌─────────────────────────────────────────────────────────────┐
│ ✔  All emulators ready! It is now safe to connect your app. │
│ i  View Emulator UI at http://localhost:4000                │
└─────────────────────────────────────────────────────────────┘

┌───────────┬────────────────┬─────────────────────────────────┐
│ Emulator  │ Host:Port      │ View in Emulator UI             │
├───────────┼────────────────┼─────────────────────────────────┤
│ Functions │ localhost:5001 │ http://localhost:4000/functions │
├───────────┼────────────────┼─────────────────────────────────┤
│ Hosting   │ localhost:5000 │ n/a                             │
└───────────┴────────────────┴─────────────────────────────────┘
  Emulator Hub running at localhost:4400
  Other reserved ports: 4500

Issues? Report them at https://github.com/firebase/firebase-tools/issues and attach the *-debug.log files.
 
[debug] [2021-04-25T12:48:50.889Z] [worker-~diagnostic~-84bb9fda-84f0-4c54-b750-acb0f6ad5067]: IDLE {"metadata":{"emulator":{"name":"functions"},"message":"[worker-~diagnostic~-84bb9fda-84f0-4c54-b750-acb0f6ad5067]: IDLE"}}
[debug] [2021-04-25T12:49:37.466Z] [work-queue] {"queueLength":1,"workRunningCount":0}
[debug] [2021-04-25T12:49:37.467Z] [work-queue] {"queueLength":0,"workRunningCount":1}
[debug] [2021-04-25T12:49:37.467Z] Accepted request POST /challenge-cc017/us-central1/api/payments/create?total=34995 --> api
[debug] [2021-04-25T12:49:37.471Z] [worker-pool] addWorker(api) {"metadata":{"emulator":{"name":"functions"},"message":"[worker-pool] addWorker(api)"}}
[debug] [2021-04-25T12:49:37.471Z] [worker-pool] Adding worker with key api, total=1 {"metadata":{"emulator":{"name":"functions"},"message":"[worker-pool] Adding worker with key api, total=1"}}
[debug] [2021-04-25T12:49:37.472Z] [worker-pool] submitWork(triggerId=api) {"metadata":{"emulator":{"name":"functions"},"message":"[worker-pool] submitWork(triggerId=api)"}}
[debug] [2021-04-25T12:49:37.472Z] [worker-api-8e3af617-42e0-41f4-bd2b-a8909795c493]: Assigning socketPath: /tmp/fire_emu_56559.sock {"metadata":{"emulator":{"name":"functions"},"message":"[worker-api-8e3af617-42e0-41f4-bd2b-a8909795c493]: Assigning socketPath: /tmp/fire_emu_56559.sock"}}
[debug] [2021-04-25T12:49:37.472Z] [worker-api-8e3af617-42e0-41f4-bd2b-a8909795c493]: BUSY {"metadata":{"emulator":{"name":"functions"},"message":"[worker-api-8e3af617-42e0-41f4-bd2b-a8909795c493]: BUSY"}}
[debug] [2021-04-25T12:49:37.580Z] [runtime-status] [56559] Functions runtime initialized. {"cwd":"/home/yongjay/Documents/Web Development/Projects/amazon-clone/functions","node_version":"12.19.0"} {"metadata":{"emulator":{"name":"functions"},"function":{"name":"api"},"message":"[runtime-status] [56559] Functions runtime initialized. {\"cwd\":\"/home/yongjay/Documents/Web Development/Projects/amazon-clone/functions\",\"node_version\":\"12.19.0\"}"}}
[debug] [2021-04-25T12:49:37.582Z] [runtime-status] [56559] Disabled runtime features: undefined {"metadata":{"emulator":{"name":"functions"},"function":{"name":"api"},"message":"[runtime-status] [56559] Disabled runtime features: undefined"}}
[debug] [2021-04-25T12:49:37.584Z] [runtime-status] [56559] Resolved module firebase-admin {"declared":true,"installed":true,"version":"9.6.0","resolution":"/home/yongjay/Documents/Web Development/Projects/amazon-clone/functions/node_modules/firebase-admin/lib/index.js"} {"metadata":{"emulator":{"name":"functions"},"function":{"name":"api"},"message":"[runtime-status] [56559] Resolved module firebase-admin {\"declared\":true,\"installed\":true,\"version\":\"9.6.0\",\"resolution\":\"/home/yongjay/Documents/Web Development/Projects/amazon-clone/functions/node_modules/firebase-admin/lib/index.js\"}"}}
[debug] [2021-04-25T12:49:37.585Z] [runtime-status] [56559] Resolved module firebase-functions {"declared":true,"installed":true,"version":"3.13.2","resolution":"/home/yongjay/Documents/Web Development/Projects/amazon-clone/functions/node_modules/firebase-functions/lib/index.js"} {"metadata":{"emulator":{"name":"functions"},"function":{"name":"api"},"message":"[runtime-status] [56559] Resolved module firebase-functions {\"declared\":true,\"installed\":true,\"version\":\"3.13.2\",\"resolution\":\"/home/yongjay/Documents/Web Development/Projects/amazon-clone/functions/node_modules/firebase-functions/lib/index.js\"}"}}
[debug] [2021-04-25T12:49:37.585Z] [runtime-status] [56559] Resolved module firebase-functions {"declared":true,"installed":true,"version":"3.13.2","resolution":"/home/yongjay/Documents/Web Development/Projects/amazon-clone/functions/node_modules/firebase-functions/lib/index.js"} {"metadata":{"emulator":{"name":"functions"},"function":{"name":"api"},"message":"[runtime-status] [56559] Resolved module firebase-functions {\"declared\":true,\"installed\":true,\"version\":\"3.13.2\",\"resolution\":\"/home/yongjay/Documents/Web Development/Projects/amazon-clone/functions/node_modules/firebase-functions/lib/index.js\"}"}}
[debug] [2021-04-25T12:49:37.587Z] [runtime-status] [56559] Outgoing network have been stubbed. [{"name":"http","status":"mocked"},{"name":"http","status":"mocked"},{"name":"https","status":"mocked"},{"name":"https","status":"mocked"},{"name":"net","status":"mocked"}] {"metadata":{"emulator":{"name":"functions"},"function":{"name":"api"},"message":"[runtime-status] [56559] Outgoing network have been stubbed. [{\"name\":\"http\",\"status\":\"mocked\"},{\"name\":\"http\",\"status\":\"mocked\"},{\"name\":\"https\",\"status\":\"mocked\"},{\"name\":\"https\",\"status\":\"mocked\"},{\"name\":\"net\",\"status\":\"mocked\"}]"}}
[debug] [2021-04-25T12:49:37.588Z] [runtime-status] [56559] Resolved module firebase-functions {"declared":true,"installed":true,"version":"3.13.2","resolution":"/home/yongjay/Documents/Web Development/Projects/amazon-clone/functions/node_modules/firebase-functions/lib/index.js"} {"metadata":{"emulator":{"name":"functions"},"function":{"name":"api"},"message":"[runtime-status] [56559] Resolved module firebase-functions {\"declared\":true,\"installed\":true,\"version\":\"3.13.2\",\"resolution\":\"/home/yongjay/Documents/Web Development/Projects/amazon-clone/functions/node_modules/firebase-functions/lib/index.js\"}"}}
[debug] [2021-04-25T12:49:37.613Z] [runtime-status] [56559] Checked functions.config() {"config":{}} {"metadata":{"emulator":{"name":"functions"},"function":{"name":"api"},"message":"[runtime-status] [56559] Checked functions.config() {\"config\":{}}"}}
[debug] [2021-04-25T12:49:37.614Z] [runtime-status] [56559] firebase-functions has been stubbed. {"functionsResolution":{"declared":true,"installed":true,"version":"3.13.2","resolution":"/home/yongjay/Documents/Web Development/Projects/amazon-clone/functions/node_modules/firebase-functions/lib/index.js"}} {"metadata":{"emulator":{"name":"functions"},"function":{"name":"api"},"message":"[runtime-status] [56559] firebase-functions has been stubbed. {\"functionsResolution\":{\"declared\":true,\"installed\":true,\"version\":\"3.13.2\",\"resolution\":\"/home/yongjay/Documents/Web Development/Projects/amazon-clone/functions/node_modules/firebase-functions/lib/index.js\"}}"}}
[debug] [2021-04-25T12:49:37.614Z] [runtime-status] [56559] Resolved module firebase-functions {"declared":true,"installed":true,"version":"3.13.2","resolution":"/home/yongjay/Documents/Web Development/Projects/amazon-clone/functions/node_modules/firebase-functions/lib/index.js"} {"metadata":{"emulator":{"name":"functions"},"function":{"name":"api"},"message":"[runtime-status] [56559] Resolved module firebase-functions {\"declared\":true,\"installed\":true,\"version\":\"3.13.2\",\"resolution\":\"/home/yongjay/Documents/Web Development/Projects/amazon-clone/functions/node_modules/firebase-functions/lib/index.js\"}"}}
[debug] [2021-04-25T12:49:37.614Z] [runtime-status] [56559] Resolved module firebase-admin {"declared":true,"installed":true,"version":"9.6.0","resolution":"/home/yongjay/Documents/Web Development/Projects/amazon-clone/functions/node_modules/firebase-admin/lib/index.js"} {"metadata":{"emulator":{"name":"functions"},"function":{"name":"api"},"message":"[runtime-status] [56559] Resolved module firebase-admin {\"declared\":true,\"installed\":true,\"version\":\"9.6.0\",\"resolution\":\"/home/yongjay/Documents/Web Development/Projects/amazon-clone/functions/node_modules/firebase-admin/lib/index.js\"}"}}
[debug] [2021-04-25T12:49:37.616Z] [runtime-status] [56559] Resolved module firebase-functions {"declared":true,"installed":true,"version":"3.13.2","resolution":"/home/yongjay/Documents/Web Development/Projects/amazon-clone/functions/node_modules/firebase-functions/lib/index.js"} {"metadata":{"emulator":{"name":"functions"},"function":{"name":"api"},"message":"[runtime-status] [56559] Resolved module firebase-functions {\"declared\":true,\"installed\":true,\"version\":\"3.13.2\",\"resolution\":\"/home/yongjay/Documents/Web Development/Projects/amazon-clone/functions/node_modules/firebase-functions/lib/index.js\"}"}}
[debug] [2021-04-25T12:49:37.616Z] [runtime-status] [56559] firebase-admin has been stubbed. {"adminResolution":{"declared":true,"installed":true,"version":"9.6.0","resolution":"/home/yongjay/Documents/Web Development/Projects/amazon-clone/functions/node_modules/firebase-admin/lib/index.js"}} {"metadata":{"emulator":{"name":"functions"},"function":{"name":"api"},"message":"[runtime-status] [56559] firebase-admin has been stubbed. {\"adminResolution\":{\"declared\":true,\"installed\":true,\"version\":\"9.6.0\",\"resolution\":\"/home/yongjay/Documents/Web Development/Projects/amazon-clone/functions/node_modules/firebase-admin/lib/index.js\"}}"}}
[debug] [2021-04-25T12:49:37.690Z] [runtime-status] [56559] Trigger "api" has been found, beginning invocation! {"metadata":{"emulator":{"name":"functions"},"function":{"name":"api"},"message":"[runtime-status] [56559] Trigger \"api\" has been found, beginning invocation!"}}
[info] i  functions: Beginning execution of "api" {"metadata":{"emulator":{"name":"functions"},"function":{"name":"api"},"message":"Beginning execution of \"api\""}}
[debug] [2021-04-25T12:49:37.691Z] [runtime-status] [56559] triggerDefinition {"httpsTrigger":{},"name":"api","entryPoint":"api"} {"metadata":{"emulator":{"name":"functions"},"function":{"name":"api"},"message":"[runtime-status] [56559] triggerDefinition {\"httpsTrigger\":{},\"name\":\"api\",\"entryPoint\":\"api\"}"}}
[debug] [2021-04-25T12:49:37.691Z] [runtime-status] [56559] Running api in mode HTTPS {"metadata":{"emulator":{"name":"functions"},"function":{"name":"api"},"message":"[runtime-status] [56559] Running api in mode HTTPS"}}
[debug] [2021-04-25T12:49:37.694Z] [runtime-status] [56559] Attempting to listen to socketPath: /tmp/fire_emu_56559.sock {"metadata":{"emulator":{"name":"functions"},"function":{"name":"api"},"message":"[runtime-status] [56559] Attempting to listen to socketPath: /tmp/fire_emu_56559.sock"}}
[debug] [2021-04-25T12:49:37.697Z] [functions] Runtime ready! Sending request! {"metadata":{"emulator":{"name":"functions"},"message":"[functions] Runtime ready! Sending request!"}}
[debug] [2021-04-25T12:49:37.698Z] [functions] Got req.url=/challenge-cc017/us-central1/api/payments/create?total=34995, mapping to path=/payments/create?total=34995 {"metadata":{"emulator":{"name":"functions"},"message":"[functions] Got req.url=/challenge-cc017/us-central1/api/payments/create?total=34995, mapping to path=/payments/create?total=34995"}}
[debug] [2021-04-25T12:49:37.705Z] [runtime-status] [56559] Ephemeral server handling POST request {"metadata":{"emulator":{"name":"functions"},"function":{"name":"api"},"message":"[runtime-status] [56559] Ephemeral server handling POST request"}}
[info] >  Payment Request Received!! >>>  34995 {"user":"Payment Request Received!! >>>  34995","metadata":{"emulator":{"name":"functions"},"function":{"name":"api"},"message":"\u001b[90m> \u001b[39m Payment Request Received!! >>>  34995"}}
[debug] [2021-04-25T12:49:37.719Z] [runtime-status] [56559] Ephemeral server survived. {"metadata":{"emulator":{"name":"functions"},"function":{"name":"api"},"message":"[runtime-status] [56559] Ephemeral server survived."}}
[info] i  functions: Finished "api" in ~1s {"metadata":{"emulator":{"name":"functions"},"function":{"name":"api"},"message":"Finished \"api\" in ~1s"}}
[debug] [2021-04-25T12:49:38.217Z] [worker-api-8e3af617-42e0-41f4-bd2b-a8909795c493]: IDLE {"metadata":{"emulator":{"name":"functions"},"message":"[worker-api-8e3af617-42e0-41f4-bd2b-a8909795c493]: IDLE"}}
[debug] [2021-04-25T12:49:38.219Z] [work-queue] {"queueLength":0,"workRunningCount":0}
[debug] [2021-04-25T12:56:23.032Z] [work-queue] {"queueLength":1,"workRunningCount":0}
[debug] [2021-04-25T12:56:23.032Z] [work-queue] {"queueLength":0,"workRunningCount":1}
[debug] [2021-04-25T12:56:23.032Z] Accepted request POST /challenge-cc017/us-central1/api/payments/create?total=34995 --> api
[debug] [2021-04-25T12:56:23.032Z] [worker-pool] submitWork(triggerId=api) {"metadata":{"emulator":{"name":"functions"},"message":"[worker-pool] submitWork(triggerId=api)"}}
[debug] [2021-04-25T12:56:23.032Z] [worker-api-8e3af617-42e0-41f4-bd2b-a8909795c493]: Assigning socketPath: /tmp/fire_emu_56559.sock {"metadata":{"emulator":{"name":"functions"},"message":"[worker-api-8e3af617-42e0-41f4-bd2b-a8909795c493]: Assigning socketPath: /tmp/fire_emu_56559.sock"}}
[debug] [2021-04-25T12:56:23.033Z] [worker-api-8e3af617-42e0-41f4-bd2b-a8909795c493]: BUSY {"metadata":{"emulator":{"name":"functions"},"message":"[worker-api-8e3af617-42e0-41f4-bd2b-a8909795c493]: BUSY"}}
[debug] [2021-04-25T12:56:23.034Z] [runtime-status] [56559] Trigger "api" has been found, beginning invocation! {"metadata":{"emulator":{"name":"functions"},"function":{"name":"api"},"message":"[runtime-status] [56559] Trigger \"api\" has been found, beginning invocation!"}}
[info] i  functions: Beginning execution of "api" {"metadata":{"emulator":{"name":"functions"},"function":{"name":"api"},"message":"Beginning execution of \"api\""}}
[debug] [2021-04-25T12:56:23.034Z] [runtime-status] [56559] triggerDefinition {"httpsTrigger":{},"name":"api","entryPoint":"api"} {"metadata":{"emulator":{"name":"functions"},"function":{"name":"api"},"message":"[runtime-status] [56559] triggerDefinition {\"httpsTrigger\":{},\"name\":\"api\",\"entryPoint\":\"api\"}"}}
[debug] [2021-04-25T12:56:23.034Z] [runtime-status] [56559] Running api in mode HTTPS {"metadata":{"emulator":{"name":"functions"},"function":{"name":"api"},"message":"[runtime-status] [56559] Running api in mode HTTPS"}}
[debug] [2021-04-25T12:56:23.034Z] [runtime-status] [56559] Attempting to listen to socketPath: /tmp/fire_emu_56559.sock {"metadata":{"emulator":{"name":"functions"},"function":{"name":"api"},"message":"[runtime-status] [56559] Attempting to listen to socketPath: /tmp/fire_emu_56559.sock"}}
[debug] [2021-04-25T12:56:23.035Z] [functions] Runtime ready! Sending request! {"metadata":{"emulator":{"name":"functions"},"message":"[functions] Runtime ready! Sending request!"}}
[debug] [2021-04-25T12:56:23.036Z] [functions] Got req.url=/challenge-cc017/us-central1/api/payments/create?total=34995, mapping to path=/payments/create?total=34995 {"metadata":{"emulator":{"name":"functions"},"message":"[functions] Got req.url=/challenge-cc017/us-central1/api/payments/create?total=34995, mapping to path=/payments/create?total=34995"}}
[debug] [2021-04-25T12:56:23.039Z] [runtime-status] [56559] Ephemeral server handling POST request {"metadata":{"emulator":{"name":"functions"},"function":{"name":"api"},"message":"[runtime-status] [56559] Ephemeral server handling POST request"}}
[info] >  Payment Request Received!! >>>  34995 {"user":"Payment Request Received!! >>>  34995","metadata":{"emulator":{"name":"functions"},"function":{"name":"api"},"message":"\u001b[90m> \u001b[39m Payment Request Received!! >>>  34995"}}
[debug] [2021-04-25T12:56:23.042Z] [runtime-status] [56559] Ephemeral server survived. {"metadata":{"emulator":{"name":"functions"},"function":{"name":"api"},"message":"[runtime-status] [56559] Ephemeral server survived."}}
[info] i  functions: Finished "api" in ~1s {"metadata":{"emulator":{"name":"functions"},"function":{"name":"api"},"message":"Finished \"api\" in ~1s"}}
[debug] [2021-04-25T12:56:23.445Z] [worker-api-8e3af617-42e0-41f4-bd2b-a8909795c493]: IDLE {"metadata":{"emulator":{"name":"functions"},"message":"[worker-api-8e3af617-42e0-41f4-bd2b-a8909795c493]: IDLE"}}
[debug] [2021-04-25T12:56:23.446Z] [work-queue] {"queueLength":0,"workRunningCount":0}
